<?xml version="1.0" encoding="UTF-8"?>
<!-- Generated by org.testng.reporters.JUnitReportReporter -->
<testsuite skipped="0" hostname="C02T42NUG8WN" name="TestPackage.TestCases.LandingPageTests" tests="2" failures="0" timestamp="16 Jun 2021 05:22:40 GMT" time="6.484" errors="0">
  <testcase name="validateLandingPage" time="2.318" classname="TestPackage.TestCases.LandingPageTests"/>
  <testcase name="validateSelectingAnyMovie" time="4.166" classname="TestPackage.TestCases.LandingPageTests"/>
</testsuite> <!-- TestPackage.TestCases.LandingPageTests -->
