<?xml version="1.0" encoding="UTF-8"?>
<!-- Generated by org.testng.reporters.JUnitReportReporter -->
<testsuite skipped="0" hostname="C02T42NUG8WN" name="TestPackage.TestCases.LandingPageTests" tests="4" failures="0" timestamp="16 Jun 2021 10:33:34 GMT" time="34.100" errors="0">
  <testcase name="validateLandingPage" time="5.332" classname="TestPackage.TestCases.LandingPageTests"/>
  <testcase name="validateSelectingAnyMovie" time="8.438" classname="TestPackage.TestCases.LandingPageTests"/>
  <testcase name="validateSearchingAnyMovie" time="12.762" classname="TestPackage.TestCases.LandingPageTests"/>
  <testcase name="validatePagination" time="7.568" classname="TestPackage.TestCases.LandingPageTests"/>
</testsuite> <!-- TestPackage.TestCases.LandingPageTests -->
