<?xml version="1.0" encoding="UTF-8"?>
<!-- Generated by org.testng.reporters.JUnitReportReporter -->
<testsuite skipped="0" hostname="C02T42NUG8WN" name="TestPackage.TestCases.BaseTest" tests="1" failures="0" timestamp="13 Jun 2021 15:57:51 GMT" time="17.134" errors="0">
  <testcase name="baseTest" time="17.134" classname="TestPackage.TestCases.BaseTest"/>
</testsuite> <!-- TestPackage.TestCases.BaseTest -->
