<?xml version="1.0" encoding="UTF-8"?>
<!-- Generated by org.testng.reporters.JUnitReportReporter -->
<testsuite skipped="0" hostname="C02T42NUG8WN" name="TestPackage.TestCases.ValidateLandingPage" tests="2" failures="0" timestamp="16 Jun 2021 05:18:07 GMT" time="6.427" errors="0">
  <testcase name="validateLandingPage" time="2.296" classname="TestPackage.TestCases.ValidateLandingPage"/>
  <testcase name="validateSelectingAnyMovie" time="4.131" classname="TestPackage.TestCases.ValidateLandingPage"/>
</testsuite> <!-- TestPackage.TestCases.ValidateLandingPage -->
