<?xml version="1.0" encoding="UTF-8"?>
<!-- Generated by org.testng.reporters.JUnitReportReporter -->
<testsuite skipped="0" hostname="C02T42NUG8WN" name="TestPackage.TestClass" tests="1" failures="0" timestamp="11 Jun 2021 19:20:56 GMT" time="3.579" errors="0">
  <testcase name="testClass" time="3.579" classname="TestPackage.TestClass"/>
</testsuite> <!-- TestPackage.TestClass -->
