<?xml version="1.0" encoding="UTF-8"?>
<!-- Generated by org.testng.reporters.JUnitReportReporter -->
<testsuite skipped="0" hostname="C02T42NUG8WN" name="TestPackage.TestCases.LandingPageTests" tests="5" failures="0" timestamp="21 Jun 2021 02:14:30 GMT" time="45.062" errors="0">
  <testcase name="validateLandingPage" time="5.306" classname="TestPackage.TestCases.LandingPageTests"/>
  <testcase name="validateSelectingAnyMovie" time="7.274" classname="TestPackage.TestCases.LandingPageTests"/>
  <testcase name="validateSearchingAnyMovie" time="12.883" classname="TestPackage.TestCases.LandingPageTests"/>
  <testcase name="validatePagination" time="7.049" classname="TestPackage.TestCases.LandingPageTests"/>
  <testcase name="validateDeletingMovie" time="12.550" classname="TestPackage.TestCases.LandingPageTests"/>
</testsuite> <!-- TestPackage.TestCases.LandingPageTests -->
